<?xml version="1.0" encoding="UTF-8"?>
<testsuite xmlns:xsi="http://www.w3.org/2001/XMLSchema-instance" xsi:noNamespaceSchemaLocation="https://maven.apache.org/surefire/maven-surefire-plugin/xsd/surefire-test-report-3.0.xsd" version="3.0" name="com.example.Reto4SpringBootMongoDB.Reto4SpringBootMongoDbApplicationTests" time="2.732" tests="1" errors="0" skipped="0" failures="0">
  <properties>
[...]
</properties>
  <testcase name="contextLoads" classname="com.example.Reto4SpringBootMongoDB.Reto4SpringBootMongoDbApplicationTests" time="0.582">
    <system-out><![CDATA[19:33:34.251 [main] INFO org.springframework.test.context.support.AnnotationConfigContextLoaderUtils -- Could not detect default configuration classes for test class [com.example.Reto4SpringBootMongoDB.Reto4SpringBootMongoDbApplicationTests]: Reto4SpringBootMongoDbApplicationTests does not declare any static, non-private, non-final, nested classes annotated with @Configuration.
19:33:34.333 [main] INFO org.springframework.boot.test.context.SpringBootTestContextBootstrapper -- Found @SpringBootConfiguration com.example.Reto4SpringBootMongoDB.Reto4SpringBootMongoDbApplication for test class com.example.Reto4SpringBootMongoDB.Reto4SpringBootMongoDbApplicationTests

  .   ____          _            __ _ _
 /\\ / ___'_ __ _ _(_)_ __  __ _ \ \ \ \
( ( )\___ | '_ | '_| | '_ \/ _` | \ \ \ \
 \\/  ___)| |_)| | | | | || (_| |  ) ) ) )
  '  |____| .__|_| |_|_| |_\__, | / / / /
 =========|_|==============|___/=/_/_/_/
 :: Spring Boot ::                (v3.1.1)

2023-08-16T19:33:34.655-05:00  INFO 19548 --- [           main] R.Reto4SpringBootMongoDbApplicationTests : Starting Reto4SpringBootMongoDbApplicationTests using Java 20.0.2 with PID 19548 (started by ShieruPC in C:\Users\ShieruPC\Desktop\Reto5)
2023-08-16T19:33:34.656-05:00  INFO 19548 --- [           main] R.Reto4SpringBootMongoDbApplicationTests : No active profile set, falling back to 1 default profile: "default"
2023-08-16T19:33:35.069-05:00  INFO 19548 --- [           main] .s.d.r.c.RepositoryConfigurationDelegate : Bootstrapping Spring Data MongoDB repositories in DEFAULT mode.
2023-08-16T19:33:35.113-05:00  INFO 19548 --- [           main] .s.d.r.c.RepositoryConfigurationDelegate : Finished Spring Data repository scanning in 39 ms. Found 3 MongoDB repository interfaces.
2023-08-16T19:33:35.498-05:00  INFO 19548 --- [fvc.mongodb.net] org.mongodb.driver.cluster               : Adding discovered server ac-npbwo1d-shard-00-01.ziilfvc.mongodb.net:27017 to client view of cluster
2023-08-16T19:33:35.510-05:00  INFO 19548 --- [           main] org.mongodb.driver.client                : MongoClient with metadata {"driver": {"name": "mongo-java-driver|sync|spring-boot", "version": "4.9.1"}, "os": {"type": "Windows", "name": "Windows 10", "architecture": "amd64", "version": "10.0"}, "platform": "Java/Oracle Corporation/20.0.2+9-78"} created with settings MongoClientSettings{readPreference=primary, writeConcern=WriteConcern{w=majority, wTimeout=null ms, journal=null}, retryWrites=true, retryReads=true, readConcern=ReadConcern{level=null}, credential=MongoCredential{mechanism=null, userName='stevenretos2', source='admin', password=<hidden>, mechanismProperties=<hidden>}, streamFactoryFactory=null, commandListeners=[], codecRegistry=ProvidersCodecRegistry{codecProviders=[ValueCodecProvider{}, BsonValueCodecProvider{}, DBRefCodecProvider{}, DBObjectCodecProvider{}, DocumentCodecProvider{}, CollectionCodecProvider{}, IterableCodecProvider{}, MapCodecProvider{}, GeoJsonCodecProvider{}, GridFSFileCodecProvider{}, Jsr310CodecProvider{}, JsonObjectCodecProvider{}, BsonCodecProvider{}, EnumCodecProvider{}, com.mongodb.client.model.mql.ExpressionCodecProvider@2c2a027c, com.mongodb.Jep395RecordCodecProvider@118dcbbd]}, loggerSettings=LoggerSettings{maxDocumentLength=1000}, clusterSettings={hosts=[127.0.0.1:27017], srvHost=cluster0.ziilfvc.mongodb.net, srvServiceName=mongodb, mode=MULTIPLE, requiredClusterType=REPLICA_SET, requiredReplicaSetName='atlas-fggsmw-shard-0', serverSelector='null', clusterListeners='[]', serverSelectionTimeout='30000 ms', localThreshold='30000 ms'}, socketSettings=SocketSettings{connectTimeoutMS=10000, readTimeoutMS=0, receiveBufferSize=0, sendBufferSize=0}, heartbeatSocketSettings=SocketSettings{connectTimeoutMS=10000, readTimeoutMS=10000, receiveBufferSize=0, sendBufferSize=0}, connectionPoolSettings=ConnectionPoolSettings{maxSize=100, minSize=0, maxWaitTimeMS=120000, maxConnectionLifeTimeMS=0, maxConnectionIdleTimeMS=0, maintenanceInitialDelayMS=0, maintenanceFrequencyMS=60000, connectionPoolListeners=[], maxConnecting=2}, serverSettings=ServerSettings{heartbeatFrequencyMS=10000, minHeartbeatFrequencyMS=500, serverListeners='[]', serverMonitorListeners='[]'}, sslSettings=SslSettings{enabled=true, invalidHostNameAllowed=false, context=null}, applicationName='null', compressorList=[], uuidRepresentation=JAVA_LEGACY, serverApi=null, autoEncryptionSettings=null, contextProvider=null}
2023-08-16T19:33:35.521-05:00  INFO 19548 --- [fvc.mongodb.net] org.mongodb.driver.cluster               : Adding discovered server ac-npbwo1d-shard-00-00.ziilfvc.mongodb.net:27017 to client view of cluster
2023-08-16T19:33:35.522-05:00  INFO 19548 --- [fvc.mongodb.net] org.mongodb.driver.cluster               : Adding discovered server ac-npbwo1d-shard-00-02.ziilfvc.mongodb.net:27017 to client view of cluster
2023-08-16T19:33:36.222-05:00  INFO 19548 --- [           main] R.Reto4SpringBootMongoDbApplicationTests : Started Reto4SpringBootMongoDbApplicationTests in 1.759 seconds (process running for 2.63)
2023-08-16T19:33:36.226-05:00  INFO 19548 --- [ngodb.net:27017] org.mongodb.driver.cluster               : Monitor thread successfully connected to server with description ServerDescription{address=ac-npbwo1d-shard-00-00.ziilfvc.mongodb.net:27017, type=REPLICA_SET_SECONDARY, state=CONNECTED, ok=true, minWireVersion=0, maxWireVersion=17, maxDocumentSize=16777216, logicalSessionTimeoutMinutes=30, roundTripTimeNanos=432262000, setName='atlas-fggsmw-shard-0', canonicalAddress=ac-npbwo1d-shard-00-00.ziilfvc.mongodb.net:27017, hosts=[ac-npbwo1d-shard-00-00.ziilfvc.mongodb.net:27017, ac-npbwo1d-shard-00-02.ziilfvc.mongodb.net:27017, ac-npbwo1d-shard-00-01.ziilfvc.mongodb.net:27017], passives=[], arbiters=[], primary='ac-npbwo1d-shard-00-02.ziilfvc.mongodb.net:27017', tagSet=TagSet{[Tag{name='nodeType', value='ELECTABLE'}, Tag{name='provider', value='AWS'}, Tag{name='region', value='US_EAST_1'}, Tag{name='workloadType', value='OPERATIONAL'}]}, electionId=null, setVersion=10, topologyVersion=TopologyVersion{processId=64cc08e3badd9cfd0368561e, counter=4}, lastWriteDate=Wed Aug 16 19:33:35 COT 2023, lastUpdateTimeNanos=77887528110700}
2023-08-16T19:33:36.226-05:00  INFO 19548 --- [ngodb.net:27017] org.mongodb.driver.cluster               : Monitor thread successfully connected to server with description ServerDescription{address=ac-npbwo1d-shard-00-02.ziilfvc.mongodb.net:27017, type=REPLICA_SET_PRIMARY, state=CONNECTED, ok=true, minWireVersion=0, maxWireVersion=17, maxDocumentSize=16777216, logicalSessionTimeoutMinutes=30, roundTripTimeNanos=426436800, setName='atlas-fggsmw-shard-0', canonicalAddress=ac-npbwo1d-shard-00-02.ziilfvc.mongodb.net:27017, hosts=[ac-npbwo1d-shard-00-00.ziilfvc.mongodb.net:27017, ac-npbwo1d-shard-00-02.ziilfvc.mongodb.net:27017, ac-npbwo1d-shard-00-01.ziilfvc.mongodb.net:27017], passives=[], arbiters=[], primary='ac-npbwo1d-shard-00-02.ziilfvc.mongodb.net:27017', tagSet=TagSet{[Tag{name='nodeType', value='ELECTABLE'}, Tag{name='provider', value='AWS'}, Tag{name='region', value='US_EAST_1'}, Tag{name='workloadType', value='OPERATIONAL'}]}, electionId=7fffffff00000000000000dd, setVersion=10, topologyVersion=TopologyVersion{processId=64cc0b06e088168beaa06547, counter=6}, lastWriteDate=Wed Aug 16 19:33:35 COT 2023, lastUpdateTimeNanos=77887528110700}
2023-08-16T19:33:36.226-05:00  INFO 19548 --- [ngodb.net:27017] org.mongodb.driver.cluster               : Monitor thread successfully connected to server with description ServerDescription{address=ac-npbwo1d-shard-00-01.ziilfvc.mongodb.net:27017, type=REPLICA_SET_SECONDARY, state=CONNECTED, ok=true, minWireVersion=0, maxWireVersion=17, maxDocumentSize=16777216, logicalSessionTimeoutMinutes=30, roundTripTimeNanos=425930800, setName='atlas-fggsmw-shard-0', canonicalAddress=ac-npbwo1d-shard-00-01.ziilfvc.mongodb.net:27017, hosts=[ac-npbwo1d-shard-00-00.ziilfvc.mongodb.net:27017, ac-npbwo1d-shard-00-02.ziilfvc.mongodb.net:27017, ac-npbwo1d-shard-00-01.ziilfvc.mongodb.net:27017], passives=[], arbiters=[], primary='ac-npbwo1d-shard-00-02.ziilfvc.mongodb.net:27017', tagSet=TagSet{[Tag{name='nodeType', value='ELECTABLE'}, Tag{name='provider', value='AWS'}, Tag{name='region', value='US_EAST_1'}, Tag{name='workloadType', value='OPERATIONAL'}]}, electionId=null, setVersion=10, topologyVersion=TopologyVersion{processId=64cc0d11224e5503bb5f5fa3, counter=3}, lastWriteDate=Wed Aug 16 19:33:35 COT 2023, lastUpdateTimeNanos=77887528116600}
2023-08-16T19:33:36.230-05:00  INFO 19548 --- [ngodb.net:27017] org.mongodb.driver.cluster               : Discovered replica set primary ac-npbwo1d-shard-00-02.ziilfvc.mongodb.net:27017 with max election id 7fffffff00000000000000dd and max set version 10
]]></system-out>
  </testcase>
</testsuite>